<?xml version="1.0" encoding="UTF-8"?>
<testsuite xmlns:xsi="http://www.w3.org/2001/XMLSchema-instance" xsi:noNamespaceSchemaLocation="https://maven.apache.org/surefire/maven-surefire-plugin/xsd/surefire-test-report.xsd" version="3.0.2" name="com.cognizant.springlearn.controller.CountryControllerTest" time="3.975" tests="3" errors="0" skipped="0" failures="0" flakes="0">
  <properties>
[...]
</properties>
  <testcase name="testGetCountryIndia" classname="com.cognizant.springlearn.controller.CountryControllerTest" time="1.038">
    <system-out><![CDATA[11:51:55.209 [main] INFO org.springframework.test.context.support.AnnotationConfigContextLoaderUtils -- Could not detect default configuration classes for test class [com.cognizant.springlearn.controller.CountryControllerTest]: CountryControllerTest does not declare any static, non-private, non-final, nested classes annotated with @Configuration.
11:51:55.432 [main] INFO org.springframework.boot.test.context.SpringBootTestContextBootstrapper -- Found @SpringBootConfiguration com.cognizant.springlearn.SpringLearnApplication for test class com.cognizant.springlearn.controller.CountryControllerTest

  .   ____          _            __ _ _
 /\\ / ___'_ __ _ _(_)_ __  __ _ \ \ \ \
( ( )\___ | '_ | '_| | '_ \/ _` | \ \ \ \
 \\/  ___)| |_)| | | | | || (_| |  ) ) ) )
  '  |____| .__|_| |_|_| |_\__, | / / / /
 =========|_|==============|___/=/_/_/_/

 :: Spring Boot ::               (v3.5.16)

2026-07-23T11:51:56.132+05:30  INFO 36404 --- [           main] c.c.s.controller.CountryControllerTest   : Starting CountryControllerTest using Java 21.0.5 with PID 36404 (started by KIIT0001 in C:\Users\KIIT0001\Desktop\HANDS_ON_SKILL_COGNIZANT\WEEK_3\2. spring-rest-handson)
2026-07-23T11:51:56.132+05:30  INFO 36404 --- [           main] c.c.s.controller.CountryControllerTest   : No active profile set, falling back to 1 default profile: "default"
2026-07-23T11:51:57.783+05:30  INFO 36404 --- [           main] o.s.b.t.m.w.SpringBootMockServletContext : Initializing Spring TestDispatcherServlet ''
2026-07-23T11:51:57.783+05:30  INFO 36404 --- [           main] o.s.t.web.servlet.TestDispatcherServlet  : Initializing Servlet ''
2026-07-23T11:51:57.788+05:30  INFO 36404 --- [           main] o.s.t.web.servlet.TestDispatcherServlet  : Completed initialization in 0 ms
2026-07-23T11:51:57.840+05:30  INFO 36404 --- [           main] c.c.s.controller.CountryControllerTest   : Started CountryControllerTest in 2.201 seconds (process running for 3.505)
2026-07-23T11:51:58.755+05:30  INFO 36404 --- [           main] c.c.s.controller.CountryController       : START - getCountryIndia()
2026-07-23T11:51:58.755+05:30  INFO 36404 --- [           main] c.c.s.controller.CountryController       : END - getCountryIndia()
]]></system-out>
    <system-err><![CDATA[Mockito is currently self-attaching to enable the inline-mock-maker. This will no longer work in future releases of the JDK. Please add Mockito as an agent to your build as described in Mockito's documentation: https://javadoc.io/doc/org.mockito/mockito-core/latest/org.mockito/org/mockito/Mockito.html#0.3
WARNING: A Java agent has been loaded dynamically (C:\Users\KIIT0001\.m2\repository\net\bytebuddy\byte-buddy-agent\1.17.8\byte-buddy-agent-1.17.8.jar)
WARNING: If a serviceability tool is in use, please run with -XX:+EnableDynamicAgentLoading to hide this warning
WARNING: If a serviceability tool is not in use, please run with -Djdk.instrument.traceUsage for more information
WARNING: Dynamic loading of agents will be disallowed by default in a future release
]]></system-err>
  </testcase>
  <testcase name="testGetAllCountries" classname="com.cognizant.springlearn.controller.CountryControllerTest" time="0.027">
    <system-out><![CDATA[2026-07-23T11:51:58.916+05:30  INFO 36404 --- [           main] c.c.s.controller.CountryController       : START - getAllCountries()
2026-07-23T11:51:58.916+05:30  INFO 36404 --- [           main] c.c.s.controller.CountryController       : END - getAllCountries()
]]></system-out>
  </testcase>
  <testcase name="testInvalidURL" classname="com.cognizant.springlearn.controller.CountryControllerTest" time="0.025"/>
</testsuite>